This is pdfTeX, Version 3.14159265-2.6-1.40.18 (TeX Live 2017) (preloaded format=pdflatex 2017.7.28)  7 JUN 2019 14:35
entering extended mode
 restricted \write18 enabled.
 file:line:error style messages enabled.
 %&-line parsing enabled.
**LaureaMagistrale_eng.tex
(./LaureaMagistrale_eng.tex
LaTeX2e <2017-04-15>
Babel <3.10> and hyphenation patterns for 84 language(s) loaded.
(/usr/local/texlive/2017/texmf-dist/tex/latex/sapthesis/sapthesis.cls
Document Class: sapthesis 2015/12/04 Sapienza - University of Rome thesis class

(/usr/local/texlive/2017/texmf-dist/tex/latex/xkeyval/xkeyval.sty
Package: xkeyval 2014/12/03 v2.7a package option processing (HA)

(/usr/local/texlive/2017/texmf-dist/tex/generic/xkeyval/xkeyval.tex
(/usr/local/texlive/2017/texmf-dist/tex/generic/xkeyval/xkvutils.tex
\XKV@toks=\toks14
\XKV@tempa@toks=\toks15

(/usr/local/texlive/2017/texmf-dist/tex/generic/xkeyval/keyval.tex))
\XKV@depth=\count79
File: xkeyval.tex 2014/12/03 v2.7a key=value parser (HA)
))
\SAP@binding=\skip41

(/usr/local/texlive/2017/texmf-dist/tex/latex/base/book.cls
Document Class: book 2014/09/29 v1.4h Standard LaTeX document class
(/usr/local/texlive/2017/texmf-dist/tex/latex/base/bk11.clo
File: bk11.clo 2014/09/29 v1.4h Standard LaTeX file (size option)
)
\c@part=\count80
\c@chapter=\count81
\c@section=\count82
\c@subsection=\count83
\c@subsubsection=\count84
\c@paragraph=\count85
\c@subparagraph=\count86
\c@figure=\count87
\c@table=\count88
\abovecaptionskip=\skip42
\belowcaptionskip=\skip43
\bibindent=\dimen102
)
(/usr/local/texlive/2017/texmf-dist/tex/latex/geometry/geometry.sty
Package: geometry 2010/09/12 v5.6 Page Geometry

(/usr/local/texlive/2017/texmf-dist/tex/generic/oberdiek/ifpdf.sty
Package: ifpdf 2017/03/15 v3.2 Provides the ifpdf switch
)
(/usr/local/texlive/2017/texmf-dist/tex/generic/oberdiek/ifvtex.sty
Package: ifvtex 2016/05/16 v1.6 Detect VTeX and its facilities (HO)
Package ifvtex Info: VTeX not detected.
)
(/usr/local/texlive/2017/texmf-dist/tex/generic/ifxetex/ifxetex.sty
Package: ifxetex 2010/09/12 v0.6 Provides ifxetex conditional
)
\Gm@cnth=\count89
\Gm@cntv=\count90
\c@Gm@tempcnt=\count91
\Gm@bindingoffset=\dimen103
\Gm@wd@mp=\dimen104
\Gm@odd@mp=\dimen105
\Gm@even@mp=\dimen106
\Gm@layoutwidth=\dimen107
\Gm@layoutheight=\dimen108
\Gm@layouthoffset=\dimen109
\Gm@layoutvoffset=\dimen110
\Gm@dimlist=\toks16
)
(/usr/local/texlive/2017/texmf-dist/tex/latex/base/fontenc.sty
Package: fontenc 2017/04/05 v2.0i Standard LaTeX package

(/usr/local/texlive/2017/texmf-dist/tex/latex/base/t1enc.def
File: t1enc.def 2017/04/05 v2.0i Standard LaTeX file
LaTeX Font Info:    Redeclaring font encoding T1 on input line 48.
))
(/usr/local/texlive/2017/texmf-dist/tex/latex/base/textcomp.sty
Package: textcomp 2017/04/05 v2.0i Standard LaTeX package
Package textcomp Info: Sub-encoding information:
(textcomp)               5 = only ISO-Adobe without \textcurrency
(textcomp)               4 = 5 + \texteuro
(textcomp)               3 = 4 + \textohm
(textcomp)               2 = 3 + \textestimated + \textcurrency
(textcomp)               1 = TS1 - \textcircled - \t
(textcomp)               0 = TS1 (full)
(textcomp)             Font families with sub-encoding setting implement
(textcomp)             only a restricted character set as indicated.
(textcomp)             Family '?' is the default used for unknown fonts.
(textcomp)             See the documentation for details.
Package textcomp Info: Setting ? sub-encoding to TS1/1 on input line 79.

(/usr/local/texlive/2017/texmf-dist/tex/latex/base/ts1enc.def
File: ts1enc.def 2001/06/05 v3.0e (jk/car/fm) Standard LaTeX file
)
LaTeX Info: Redefining \oldstylenums on input line 334.
Package textcomp Info: Setting cmr sub-encoding to TS1/0 on input line 349.
Package textcomp Info: Setting cmss sub-encoding to TS1/0 on input line 350.
Package textcomp Info: Setting cmtt sub-encoding to TS1/0 on input line 351.
Package textcomp Info: Setting cmvtt sub-encoding to TS1/0 on input line 352.
Package textcomp Info: Setting cmbr sub-encoding to TS1/0 on input line 353.
Package textcomp Info: Setting cmtl sub-encoding to TS1/0 on input line 354.
Package textcomp Info: Setting ccr sub-encoding to TS1/0 on input line 355.
Package textcomp Info: Setting ptm sub-encoding to TS1/4 on input line 356.
Package textcomp Info: Setting pcr sub-encoding to TS1/4 on input line 357.
Package textcomp Info: Setting phv sub-encoding to TS1/4 on input line 358.
Package textcomp Info: Setting ppl sub-encoding to TS1/3 on input line 359.
Package textcomp Info: Setting pag sub-encoding to TS1/4 on input line 360.
Package textcomp Info: Setting pbk sub-encoding to TS1/4 on input line 361.
Package textcomp Info: Setting pnc sub-encoding to TS1/4 on input line 362.
Package textcomp Info: Setting pzc sub-encoding to TS1/4 on input line 363.
Package textcomp Info: Setting bch sub-encoding to TS1/4 on input line 364.
Package textcomp Info: Setting put sub-encoding to TS1/5 on input line 365.
Package textcomp Info: Setting uag sub-encoding to TS1/5 on input line 366.
Package textcomp Info: Setting ugq sub-encoding to TS1/5 on input line 367.
Package textcomp Info: Setting ul8 sub-encoding to TS1/4 on input line 368.
Package textcomp Info: Setting ul9 sub-encoding to TS1/4 on input line 369.
Package textcomp Info: Setting augie sub-encoding to TS1/5 on input line 370.
Package textcomp Info: Setting dayrom sub-encoding to TS1/3 on input line 371.
Package textcomp Info: Setting dayroms sub-encoding to TS1/3 on input line 372.

Package textcomp Info: Setting pxr sub-encoding to TS1/0 on input line 373.
Package textcomp Info: Setting pxss sub-encoding to TS1/0 on input line 374.
Package textcomp Info: Setting pxtt sub-encoding to TS1/0 on input line 375.
Package textcomp Info: Setting txr sub-encoding to TS1/0 on input line 376.
Package textcomp Info: Setting txss sub-encoding to TS1/0 on input line 377.
Package textcomp Info: Setting txtt sub-encoding to TS1/0 on input line 378.
Package textcomp Info: Setting lmr sub-encoding to TS1/0 on input line 379.
Package textcomp Info: Setting lmdh sub-encoding to TS1/0 on input line 380.
Package textcomp Info: Setting lmss sub-encoding to TS1/0 on input line 381.
Package textcomp Info: Setting lmssq sub-encoding to TS1/0 on input line 382.
Package textcomp Info: Setting lmvtt sub-encoding to TS1/0 on input line 383.
Package textcomp Info: Setting lmtt sub-encoding to TS1/0 on input line 384.
Package textcomp Info: Setting qhv sub-encoding to TS1/0 on input line 385.
Package textcomp Info: Setting qag sub-encoding to TS1/0 on input line 386.
Package textcomp Info: Setting qbk sub-encoding to TS1/0 on input line 387.
Package textcomp Info: Setting qcr sub-encoding to TS1/0 on input line 388.
Package textcomp Info: Setting qcs sub-encoding to TS1/0 on input line 389.
Package textcomp Info: Setting qpl sub-encoding to TS1/0 on input line 390.
Package textcomp Info: Setting qtm sub-encoding to TS1/0 on input line 391.
Package textcomp Info: Setting qzc sub-encoding to TS1/0 on input line 392.
Package textcomp Info: Setting qhvc sub-encoding to TS1/0 on input line 393.
Package textcomp Info: Setting futs sub-encoding to TS1/4 on input line 394.
Package textcomp Info: Setting futx sub-encoding to TS1/4 on input line 395.
Package textcomp Info: Setting futj sub-encoding to TS1/4 on input line 396.
Package textcomp Info: Setting hlh sub-encoding to TS1/3 on input line 397.
Package textcomp Info: Setting hls sub-encoding to TS1/3 on input line 398.
Package textcomp Info: Setting hlst sub-encoding to TS1/3 on input line 399.
Package textcomp Info: Setting hlct sub-encoding to TS1/5 on input line 400.
Package textcomp Info: Setting hlx sub-encoding to TS1/5 on input line 401.
Package textcomp Info: Setting hlce sub-encoding to TS1/5 on input line 402.
Package textcomp Info: Setting hlcn sub-encoding to TS1/5 on input line 403.
Package textcomp Info: Setting hlcw sub-encoding to TS1/5 on input line 404.
Package textcomp Info: Setting hlcf sub-encoding to TS1/5 on input line 405.
Package textcomp Info: Setting pplx sub-encoding to TS1/3 on input line 406.
Package textcomp Info: Setting pplj sub-encoding to TS1/3 on input line 407.
Package textcomp Info: Setting ptmx sub-encoding to TS1/4 on input line 408.
Package textcomp Info: Setting ptmj sub-encoding to TS1/4 on input line 409.
)
(/usr/local/texlive/2017/texmf-dist/tex/latex/lm/lmodern.sty
Package: lmodern 2009/10/30 v1.6 Latin Modern Fonts
LaTeX Font Info:    Overwriting symbol font `operators' in version `normal'
(Font)                  OT1/cmr/m/n --> OT1/lmr/m/n on input line 22.
LaTeX Font Info:    Overwriting symbol font `letters' in version `normal'
(Font)                  OML/cmm/m/it --> OML/lmm/m/it on input line 23.
LaTeX Font Info:    Overwriting symbol font `symbols' in version `normal'
(Font)                  OMS/cmsy/m/n --> OMS/lmsy/m/n on input line 24.
LaTeX Font Info:    Overwriting symbol font `largesymbols' in version `normal'
(Font)                  OMX/cmex/m/n --> OMX/lmex/m/n on input line 25.
LaTeX Font Info:    Overwriting symbol font `operators' in version `bold'
(Font)                  OT1/cmr/bx/n --> OT1/lmr/bx/n on input line 26.
LaTeX Font Info:    Overwriting symbol font `letters' in version `bold'
(Font)                  OML/cmm/b/it --> OML/lmm/b/it on input line 27.
LaTeX Font Info:    Overwriting symbol font `symbols' in version `bold'
(Font)                  OMS/cmsy/b/n --> OMS/lmsy/b/n on input line 28.
LaTeX Font Info:    Overwriting symbol font `largesymbols' in version `bold'
(Font)                  OMX/cmex/m/n --> OMX/lmex/m/n on input line 29.
LaTeX Font Info:    Overwriting math alphabet `\mathbf' in version `normal'
(Font)                  OT1/cmr/bx/n --> OT1/lmr/bx/n on input line 31.
LaTeX Font Info:    Overwriting math alphabet `\mathsf' in version `normal'
(Font)                  OT1/cmss/m/n --> OT1/lmss/m/n on input line 32.
LaTeX Font Info:    Overwriting math alphabet `\mathit' in version `normal'
(Font)                  OT1/cmr/m/it --> OT1/lmr/m/it on input line 33.
LaTeX Font Info:    Overwriting math alphabet `\mathtt' in version `normal'
(Font)                  OT1/cmtt/m/n --> OT1/lmtt/m/n on input line 34.
LaTeX Font Info:    Overwriting math alphabet `\mathbf' in version `bold'
(Font)                  OT1/cmr/bx/n --> OT1/lmr/bx/n on input line 35.
LaTeX Font Info:    Overwriting math alphabet `\mathsf' in version `bold'
(Font)                  OT1/cmss/bx/n --> OT1/lmss/bx/n on input line 36.
LaTeX Font Info:    Overwriting math alphabet `\mathit' in version `bold'
(Font)                  OT1/cmr/bx/it --> OT1/lmr/bx/it on input line 37.
LaTeX Font Info:    Overwriting math alphabet `\mathtt' in version `bold'
(Font)                  OT1/cmtt/m/n --> OT1/lmtt/m/n on input line 38.
)
(/usr/local/texlive/2017/texmf-dist/tex/latex/caption/caption.sty
Package: caption 2016/02/21 v3.3-144 Customizing captions (AR)

(/usr/local/texlive/2017/texmf-dist/tex/latex/caption/caption3.sty
Package: caption3 2016/05/22 v1.7-166 caption3 kernel (AR)
Package caption3 Info: TeX engine: e-TeX on input line 67.
\captionmargin=\dimen111
\captionmargin@=\dimen112
\captionwidth=\dimen113
\caption@tempdima=\dimen114
\caption@indent=\dimen115
\caption@parindent=\dimen116
\caption@hangindent=\dimen117
)
\c@ContinuedFloat=\count92
)
(/usr/local/texlive/2017/texmf-dist/tex/latex/graphics/graphicx.sty
Package: graphicx 2014/10/28 v1.0g Enhanced LaTeX Graphics (DPC,SPQR)

(/usr/local/texlive/2017/texmf-dist/tex/latex/graphics/graphics.sty
Package: graphics 2017/04/14 v1.1b Standard LaTeX Graphics (DPC,SPQR)

(/usr/local/texlive/2017/texmf-dist/tex/latex/graphics/trig.sty
Package: trig 2016/01/03 v1.10 sin cos tan (DPC)
)
(/usr/local/texlive/2017/texmf-dist/tex/latex/graphics-cfg/graphics.cfg
File: graphics.cfg 2016/06/04 v1.11 sample graphics configuration
)
Package graphics Info: Driver file: pdftex.def on input line 99.

(/usr/local/texlive/2017/texmf-dist/tex/latex/graphics-def/pdftex.def
File: pdftex.def 2017/01/12 v0.06k Graphics/color for pdfTeX

(/usr/local/texlive/2017/texmf-dist/tex/generic/oberdiek/infwarerr.sty
Package: infwarerr 2016/05/16 v1.4 Providing info/warning/error messages (HO)
)
(/usr/local/texlive/2017/texmf-dist/tex/generic/oberdiek/ltxcmds.sty
Package: ltxcmds 2016/05/16 v1.23 LaTeX kernel commands for general use (HO)
)
\Gread@gobject=\count93
))
\Gin@req@height=\dimen118
\Gin@req@width=\dimen119
)
(/usr/local/texlive/2017/texmf-dist/tex/latex/graphics/color.sty
Package: color 2016/07/10 v1.1e Standard LaTeX Color (DPC)

(/usr/local/texlive/2017/texmf-dist/tex/latex/graphics-cfg/color.cfg
File: color.cfg 2016/01/02 v1.6 sample color configuration
)
Package color Info: Driver file: pdftex.def on input line 147.
)
(/usr/local/texlive/2017/texmf-dist/tex/latex/booktabs/booktabs.sty
Package: booktabs 2016/04/27 v1.618033 publication quality tables
\heavyrulewidth=\dimen120
\lightrulewidth=\dimen121
\cmidrulewidth=\dimen122
\belowrulesep=\dimen123
\belowbottomsep=\dimen124
\aboverulesep=\dimen125
\abovetopsep=\dimen126
\cmidrulesep=\dimen127
\cmidrulekern=\dimen128
\defaultaddspace=\dimen129
\@cmidla=\count94
\@cmidlb=\count95
\@aboverulesep=\dimen130
\@belowrulesep=\dimen131
\@thisruleclass=\count96
\@lastruleclass=\count97
\@thisrulewidth=\dimen132
)
(/usr/local/texlive/2017/texmf-dist/tex/latex/amsmath/amsmath.sty
Package: amsmath 2016/11/05 v2.16a AMS math features
\@mathmargin=\skip44

For additional information on amsmath, use the `?' option.
(/usr/local/texlive/2017/texmf-dist/tex/latex/amsmath/amstext.sty
Package: amstext 2000/06/29 v2.01 AMS text

(/usr/local/texlive/2017/texmf-dist/tex/latex/amsmath/amsgen.sty
File: amsgen.sty 1999/11/30 v2.0 generic functions
\@emptytoks=\toks17
\ex@=\dimen133
))
(/usr/local/texlive/2017/texmf-dist/tex/latex/amsmath/amsbsy.sty
Package: amsbsy 1999/11/29 v1.2d Bold Symbols
\pmbraise@=\dimen134
)
(/usr/local/texlive/2017/texmf-dist/tex/latex/amsmath/amsopn.sty
Package: amsopn 2016/03/08 v2.02 operator names
)
\inf@bad=\count98
LaTeX Info: Redefining \frac on input line 213.
\uproot@=\count99
\leftroot@=\count100
LaTeX Info: Redefining \overline on input line 375.
\classnum@=\count101
\DOTSCASE@=\count102
LaTeX Info: Redefining \ldots on input line 472.
LaTeX Info: Redefining \dots on input line 475.
LaTeX Info: Redefining \cdots on input line 596.
\Mathstrutbox@=\box26
\strutbox@=\box27
\big@size=\dimen135
LaTeX Font Info:    Redeclaring font encoding OML on input line 712.
LaTeX Font Info:    Redeclaring font encoding OMS on input line 713.
\macc@depth=\count103
\c@MaxMatrixCols=\count104
\dotsspace@=\muskip10
\c@parentequation=\count105
\dspbrk@lvl=\count106
\tag@help=\toks18
\row@=\count107
\column@=\count108
\maxfields@=\count109
\andhelp@=\toks19
\eqnshift@=\dimen136
\alignsep@=\dimen137
\tagshift@=\dimen138
\tagwidth@=\dimen139
\totwidth@=\dimen140
\lineht@=\dimen141
\@envbody=\toks20
\multlinegap=\skip45
\multlinetaggap=\skip46
\mathdisplay@stack=\toks21
LaTeX Info: Redefining \[ on input line 2817.
LaTeX Info: Redefining \] on input line 2818.
)
(/usr/local/texlive/2017/texmf-dist/tex/latex/fancyhdr/fancyhdr.sty
Package: fancyhdr 2016/09/06 3.8 Extensive control of page headers and footers
\fancy@headwidth=\skip47
\f@ncyO@elh=\skip48
\f@ncyO@erh=\skip49
\f@ncyO@olh=\skip50
\f@ncyO@orh=\skip51
\f@ncyO@elf=\skip52
\f@ncyO@erf=\skip53
\f@ncyO@olf=\skip54
\f@ncyO@orf=\skip55
)
\SAP@advisorcount=\count110
\SAP@advisortoks=\toks22
\SAP@coadvisorcount=\count111
\SAP@coadvisortoks=\toks23
\SAP@directorcount=\count112
\SAP@directortoks=\toks24
\SAP@tutorcount=\count113
\SAP@tutortoks=\toks25
\SAP@tutorcoordcount=\count114
\SAP@tutorcoordtoks=\toks26
\SAP@examinercount=\count115
\SAP@examinertoks=\toks27
)
(/usr/local/texlive/2017/texmf-dist/tex/latex/float/float.sty
Package: float 2001/11/08 v1.3d Float enhancements (AL)
\c@float@type=\count116
\float@exts=\toks28
\float@box=\box28
\@float@everytoks=\toks29
\@floatcapt=\box29
)
(/usr/local/texlive/2017/texmf-dist/tex/latex/microtype/microtype.sty
Package: microtype 2016/05/14 v2.6a Micro-typographical refinements (RS)
\MT@toks=\toks30
\MT@count=\count117
LaTeX Info: Redefining \textls on input line 774.
\MT@outer@kern=\dimen142
LaTeX Info: Redefining \textmicrotypecontext on input line 1310.
\MT@listname@count=\count118

(/usr/local/texlive/2017/texmf-dist/tex/latex/microtype/microtype-pdftex.def
File: microtype-pdftex.def 2016/05/14 v2.6a Definitions specific to pdftex (RS)

LaTeX Info: Redefining \lsstyle on input line 916.
LaTeX Info: Redefining \lslig on input line 916.
\MT@outer@space=\skip56
)
Package microtype Info: Loading configuration file microtype.cfg.

(/usr/local/texlive/2017/texmf-dist/tex/latex/microtype/microtype.cfg
File: microtype.cfg 2016/05/14 v2.6a microtype main configuration file (RS)
))
(/usr/local/texlive/2017/texmf-dist/tex/latex/hyperref/hyperref.sty
Package: hyperref 2017/03/14 v6.85a Hypertext links for LaTeX

(/usr/local/texlive/2017/texmf-dist/tex/generic/oberdiek/hobsub-hyperref.sty
Package: hobsub-hyperref 2016/05/16 v1.14 Bundle oberdiek, subset hyperref (HO)


(/usr/local/texlive/2017/texmf-dist/tex/generic/oberdiek/hobsub-generic.sty
Package: hobsub-generic 2016/05/16 v1.14 Bundle oberdiek, subset generic (HO)
Package: hobsub 2016/05/16 v1.14 Construct package bundles (HO)
Package hobsub Info: Skipping package `infwarerr' (already loaded).
Package hobsub Info: Skipping package `ltxcmds' (already loaded).
Package: ifluatex 2016/05/16 v1.4 Provides the ifluatex switch (HO)
Package ifluatex Info: LuaTeX not detected.
Package hobsub Info: Skipping package `ifvtex' (already loaded).
Package: intcalc 2016/05/16 v1.2 Expandable calculations with integers (HO)
Package hobsub Info: Skipping package `ifpdf' (already loaded).
Package: etexcmds 2016/05/16 v1.6 Avoid name clashes with e-TeX commands (HO)
Package etexcmds Info: Could not find \expanded.
(etexcmds)             That can mean that you are not using pdfTeX 1.50 or
(etexcmds)             that some package has redefined \expanded.
(etexcmds)             In the latter case, load this package earlier.
Package: kvsetkeys 2016/05/16 v1.17 Key value parser (HO)
Package: kvdefinekeys 2016/05/16 v1.4 Define keys (HO)
Package: pdftexcmds 2017/03/19 v0.25 Utility functions of pdfTeX for LuaTeX (HO
)
Package pdftexcmds Info: LuaTeX not detected.
Package pdftexcmds Info: \pdf@primitive is available.
Package pdftexcmds Info: \pdf@ifprimitive is available.
Package pdftexcmds Info: \pdfdraftmode found.
Package: pdfescape 2016/05/16 v1.14 Implements pdfTeX's escape features (HO)
Package: bigintcalc 2016/05/16 v1.4 Expandable calculations on big integers (HO
)
Package: bitset 2016/05/16 v1.2 Handle bit-vector datatype (HO)
Package: uniquecounter 2016/05/16 v1.3 Provide unlimited unique counter (HO)
)
Package hobsub Info: Skipping package `hobsub' (already loaded).
Package: letltxmacro 2016/05/16 v1.5 Let assignment for LaTeX macros (HO)
Package: hopatch 2016/05/16 v1.3 Wrapper for package hooks (HO)
Package: xcolor-patch 2016/05/16 xcolor patch
Package: atveryend 2016/05/16 v1.9 Hooks at the very end of document (HO)
Package atveryend Info: \enddocument detected (standard20110627).
Package: atbegshi 2016/06/09 v1.18 At begin shipout hook (HO)
Package: refcount 2016/05/16 v3.5 Data extraction from label references (HO)
Package: hycolor 2016/05/16 v1.8 Color options for hyperref/bookmark (HO)
)
(/usr/local/texlive/2017/texmf-dist/tex/latex/oberdiek/auxhook.sty
Package: auxhook 2016/05/16 v1.4 Hooks for auxiliary files (HO)
)
(/usr/local/texlive/2017/texmf-dist/tex/latex/oberdiek/kvoptions.sty
Package: kvoptions 2016/05/16 v3.12 Key value format for package options (HO)
)
\@linkdim=\dimen143
\Hy@linkcounter=\count119
\Hy@pagecounter=\count120

(/usr/local/texlive/2017/texmf-dist/tex/latex/hyperref/pd1enc.def
File: pd1enc.def 2017/03/14 v6.85a Hyperref: PDFDocEncoding definition (HO)
)
\Hy@SavedSpaceFactor=\count121

(/usr/local/texlive/2017/texmf-dist/tex/latex/latexconfig/hyperref.cfg
File: hyperref.cfg 2002/06/06 v1.2 hyperref configuration of TeXLive
)
Package hyperref Info: Hyper figures OFF on input line 4498.
Package hyperref Info: Link nesting OFF on input line 4503.
Package hyperref Info: Hyper index ON on input line 4506.
Package hyperref Info: Plain pages OFF on input line 4513.
Package hyperref Info: Backreferencing OFF on input line 4518.
Package hyperref Info: Implicit mode ON; LaTeX internals redefined.
Package hyperref Info: Bookmarks ON on input line 4751.
\c@Hy@tempcnt=\count122

(/usr/local/texlive/2017/texmf-dist/tex/latex/url/url.sty
\Urlmuskip=\muskip11
Package: url 2013/09/16  ver 3.4  Verb mode for urls, etc.
)
LaTeX Info: Redefining \url on input line 5104.
\XeTeXLinkMargin=\dimen144
\Fld@menulength=\count123
\Field@Width=\dimen145
\Fld@charsize=\dimen146
Package hyperref Info: Hyper figures OFF on input line 6358.
Package hyperref Info: Link nesting OFF on input line 6363.
Package hyperref Info: Hyper index ON on input line 6366.
Package hyperref Info: backreferencing OFF on input line 6373.
Package hyperref Info: Link coloring OFF on input line 6378.
Package hyperref Info: Link coloring with OCG OFF on input line 6383.
Package hyperref Info: PDF/A mode OFF on input line 6388.
LaTeX Info: Redefining \ref on input line 6428.
LaTeX Info: Redefining \pageref on input line 6432.
\Hy@abspage=\count124
\c@Item=\count125
\c@Hfootnote=\count126
)

Package hyperref Message: Driver (autodetected): hpdftex.

(/usr/local/texlive/2017/texmf-dist/tex/latex/hyperref/hpdftex.def
File: hpdftex.def 2017/03/14 v6.85a Hyperref driver for pdfTeX
\Fld@listcount=\count127
\c@bookmark@seq@number=\count128

(/usr/local/texlive/2017/texmf-dist/tex/latex/oberdiek/rerunfilecheck.sty
Package: rerunfilecheck 2016/05/16 v1.8 Rerun checks for auxiliary files (HO)
Package uniquecounter Info: New unique counter `rerunfilecheck' on input line 2
82.
)
\Hy@SectionHShift=\skip57
)
(/usr/local/texlive/2017/texmf-dist/tex/latex/lipsum/lipsum.sty
Package: lipsum 2014/07/27 v1.3 150 paragraphs of Lorem Ipsum dummy text
\c@lips@count=\count129
)
(/usr/local/texlive/2017/texmf-dist/tex/latex/curve2e/curve2e.sty
Package: curve2e 2015/07/11 v.1.60 Extension package for pict2e

(/usr/local/texlive/2017/texmf-dist/tex/latex/pict2e/pict2e.sty
Package: pict2e 2016/02/05 v0.3b Improved picture commands (HjG,RN,JT)

(/usr/local/texlive/2017/texmf-dist/tex/latex/pict2e/pict2e.cfg
File: pict2e.cfg 2016/02/05 v0.1u pict2e configuration for teTeX/TeXLive
)
Package pict2e Info: Driver file: pdftex.def on input line 119.
Package pict2e Info: Driver file for pict2e: p2e-pdftex.def on input line 121.

(/usr/local/texlive/2017/texmf-dist/tex/latex/pict2e/p2e-pdftex.def
File: p2e-pdftex.def 2016/02/05 v0.1u Driver-dependant file (RN,HjG,JT)
)
\pIIe@GRAPH=\toks31
\@arclen=\dimen147
\@arcrad=\dimen148
\@tempdimd=\dimen149
)
\@tdA=\dimen150
\@tdB=\dimen151
\@tdC=\dimen152
\@tdD=\dimen153
\@tdE=\dimen154
\@tdF=\dimen155
\defaultlinewidth=\dimen156
)
(./LaureaMagistrale_eng.aux

LaTeX Warning: Label `fig: rf3 ' multiply defined.


LaTeX Warning: Label `fig:cnn1' multiply defined.

)
\openout1 = `LaureaMagistrale_eng.aux'.

LaTeX Font Info:    Checking defaults for OML/cmm/m/it on input line 38.
LaTeX Font Info:    ... okay on input line 38.
LaTeX Font Info:    Checking defaults for T1/cmr/m/n on input line 38.
LaTeX Font Info:    ... okay on input line 38.
LaTeX Font Info:    Checking defaults for OT1/cmr/m/n on input line 38.
LaTeX Font Info:    ... okay on input line 38.
LaTeX Font Info:    Checking defaults for OMS/cmsy/m/n on input line 38.
LaTeX Font Info:    ... okay on input line 38.
LaTeX Font Info:    Checking defaults for OMX/cmex/m/n on input line 38.
LaTeX Font Info:    ... okay on input line 38.
LaTeX Font Info:    Checking defaults for U/cmr/m/n on input line 38.
LaTeX Font Info:    ... okay on input line 38.
LaTeX Font Info:    Checking defaults for TS1/cmr/m/n on input line 38.
LaTeX Font Info:    Try loading font information for TS1+cmr on input line 38.
 (/usr/local/texlive/2017/texmf-dist/tex/latex/base/ts1cmr.fd
File: ts1cmr.fd 2014/09/29 v2.5h Standard LaTeX font definitions
)
LaTeX Font Info:    ... okay on input line 38.
LaTeX Font Info:    Checking defaults for PD1/pdf/m/n on input line 38.
LaTeX Font Info:    ... okay on input line 38.
LaTeX Font Info:    Try loading font information for T1+lmr on input line 38.

(/usr/local/texlive/2017/texmf-dist/tex/latex/lm/t1lmr.fd
File: t1lmr.fd 2009/10/30 v1.6 Font defs for Latin Modern
)
*geometry* driver: auto-detecting
*geometry* detected driver: pdftex
*geometry* verbose mode - [ preamble ] result:
* driver: pdftex
* paper: a4paper
* layout: <same size as paper>
* layoutoffset:(h,v)=(0.0pt,0.0pt)
* hratio: 55:89
* vratio: 55:89
* bindingoffset: 17.07182pt
* modes: includehead twoside heightrounded 
* h-part:(L,W,R)=(70.44357pt, 396.0pt, 113.99248pt)
* v-part:(T,H,B)=(65.75981pt, 672.8738pt, 106.41324pt)
* \paperwidth=597.50787pt
* \paperheight=845.04684pt
* \textwidth=396.0pt
* \textheight=636.60028pt
* \oddsidemargin=15.2454pt
* \evensidemargin=41.72249pt
* \topmargin=-6.51018pt
* \headheight=12.0pt
* \headsep=19.8738pt
* \topskip=11.0pt
* \footskip=27.46295pt
* \marginparwidth=72.0pt
* \marginparsep=12.0pt
* \columnsep=10.0pt
* \skip\footins=10.0pt plus 4.0pt minus 2.0pt
* \hoffset=0.0pt
* \voffset=0.0pt
* \mag=1000
* \@twocolumnfalse
* \@twosidetrue
* \@mparswitchtrue
* \@reversemarginfalse
* (1in=72.27pt=25.4mm, 1cm=28.453pt)

Package caption Info: Begin \AtBeginDocument code.
Package caption Info: float package is loaded.
Package caption Info: hyperref package is loaded.
Package caption Info: End \AtBeginDocument code.
(/usr/local/texlive/2017/texmf-dist/tex/context/base/mkii/supp-pdf.mkii
[Loading MPS to PDF converter (version 2006.09.02).]
\scratchcounter=\count130
\scratchdimen=\dimen157
\scratchbox=\box30
\nofMPsegments=\count131
\nofMParguments=\count132
\everyMPshowfont=\toks32
\MPscratchCnt=\count133
\MPscratchDim=\dimen158
\MPnumerator=\count134
\makeMPintoPDFobject=\count135
\everyMPtoPDFconversion=\toks33
) (/usr/local/texlive/2017/texmf-dist/tex/latex/oberdiek/epstopdf-base.sty
Package: epstopdf-base 2016/05/15 v2.6 Base part for package epstopdf

(/usr/local/texlive/2017/texmf-dist/tex/latex/oberdiek/grfext.sty
Package: grfext 2016/05/16 v1.2 Manage graphics extensions (HO)
)
Package epstopdf-base Info: Redefining graphics rule for `.eps' on input line 4
38.
Package grfext Info: Graphics extension search list:
(grfext)             [.png,.pdf,.jpg,.mps,.jpeg,.jbig2,.jb2,.PNG,.PDF,.JPG,.JPE
G,.JBIG2,.JB2,.eps]
(grfext)             \AppendGraphicsExtensions on input line 456.

(/usr/local/texlive/2017/texmf-dist/tex/latex/latexconfig/epstopdf-sys.cfg
File: epstopdf-sys.cfg 2010/07/13 v1.3 Configuration of (r)epstopdf for TeX Liv
e
))
LaTeX Info: Redefining \textsubscript on input line 38.
LaTeX Info: Redefining \microtypecontext on input line 38.
Package microtype Info: Generating PDF output.
Package microtype Info: Character protrusion enabled (level 2).
Package microtype Info: Using default protrusion set `alltext'.
Package microtype Info: Automatic font expansion enabled (level 2),
(microtype)             stretch: 20, shrink: 20, step: 1, non-selected.
Package microtype Info: Using default expansion set `basictext'.
Package microtype Info: No adjustment of tracking.
Package microtype Info: No adjustment of interword spacing.
Package microtype Info: No adjustment of character kerning.

(/usr/local/texlive/2017/texmf-dist/tex/latex/microtype/mt-cmr.cfg
File: mt-cmr.cfg 2013/05/19 v2.2 microtype config. file: Computer Modern Roman 
(RS)
)
\AtBeginShipoutBox=\box31
Package hyperref Info: Link coloring OFF on input line 38.

(/usr/local/texlive/2017/texmf-dist/tex/latex/hyperref/nameref.sty
Package: nameref 2016/05/21 v2.44 Cross-referencing by name of section

(/usr/local/texlive/2017/texmf-dist/tex/generic/oberdiek/gettitlestring.sty
Package: gettitlestring 2016/05/16 v1.5 Cleanup title references (HO)
)
\c@section@level=\count136
)
LaTeX Info: Redefining \ref on input line 38.
LaTeX Info: Redefining \pageref on input line 38.
LaTeX Info: Redefining \nameref on input line 38.

(./LaureaMagistrale_eng.out) (./LaureaMagistrale_eng.out)
\@outlinefile=\write3
\openout3 = `LaureaMagistrale_eng.out'.

LaTeX Font Info:    Try loading font information for T1+lmss on input line 43.

(/usr/local/texlive/2017/texmf-dist/tex/latex/lm/t1lmss.fd
File: t1lmss.fd 2009/10/30 v1.6 Font defs for Latin Modern
)
Package microtype Info: Loading generic settings for font family
(microtype)             `lmss' (encoding: T1).
(microtype)             For optimal results, create family-specific settings.
(microtype)             See the microtype manual for details.

<sapienza-MLred-pos.pdf, id=164, 288.07625pt x 89.33376pt>
File: sapienza-MLred-pos.pdf Graphic file (type pdf)

<use sapienza-MLred-pos.pdf>
Package pdftex.def Info: sapienza-MLred-pos.pdf used on input line 43.
(pdftex.def)             Requested size: 142.26378pt x 44.11742pt.
 [1



{/usr/local/texlive/2017/texmf-var/fonts/map/pdftex/updmap/pdftex.map} </usr/lo
cal/texlive/2017/texmf-dist/tex/latex/sapthesis/sapienza-MLred-pos.pdf>]
LaTeX Font Info:    Try loading font information for TS1+lmr on input line 43.

(/usr/local/texlive/2017/texmf-dist/tex/latex/lm/ts1lmr.fd
File: ts1lmr.fd 2009/10/30 v1.6 Font defs for Latin Modern
)
Underfull \hbox (badness 10000) in paragraph at lines 43--43

 []

LaTeX Font Info:    Try loading font information for OT1+lmr on input line 43.
(/usr/local/texlive/2017/texmf-dist/tex/latex/lm/ot1lmr.fd
File: ot1lmr.fd 2009/10/30 v1.6 Font defs for Latin Modern
)
LaTeX Font Info:    Try loading font information for OML+lmm on input line 43.

(/usr/local/texlive/2017/texmf-dist/tex/latex/lm/omllmm.fd
File: omllmm.fd 2009/10/30 v1.6 Font defs for Latin Modern
)
LaTeX Font Info:    Try loading font information for OMS+lmsy on input line 43.


(/usr/local/texlive/2017/texmf-dist/tex/latex/lm/omslmsy.fd
File: omslmsy.fd 2009/10/30 v1.6 Font defs for Latin Modern
)
LaTeX Font Info:    Try loading font information for OMX+lmex on input line 43.


(/usr/local/texlive/2017/texmf-dist/tex/latex/lm/omxlmex.fd
File: omxlmex.fd 2009/10/30 v1.6 Font defs for Latin Modern
)
LaTeX Font Info:    External font `lmex10' loaded for size
(Font)              <10> on input line 43.
LaTeX Font Info:    External font `lmex10' loaded for size
(Font)              <7> on input line 43.
LaTeX Font Info:    External font `lmex10' loaded for size
(Font)              <5> on input line 43.

Underfull \hbox (badness 10000) in paragraph at lines 43--43

 []

[2

] [3


] [4

] [5] [6

] [7] [8

] (./LaureaMagistrale_eng.toc
LaTeX Font Info:    External font `lmex10' loaded for size
(Font)              <10.95> on input line 2.
LaTeX Font Info:    External font `lmex10' loaded for size
(Font)              <8> on input line 2.
LaTeX Font Info:    External font `lmex10' loaded for size
(Font)              <6> on input line 2.
 [9]

LaTeX Warning: Citation `5' on page x undefined on input line 35.

)
\tf@toc=\write4
\openout4 = `LaureaMagistrale_eng.toc'.

 [10]
Chapter 1.

Underfull \vbox (badness 1783) has occurred while \output is active []

 [1


]
[2]
Chapter 2.
<ecgtrace.png, id=277, 538.01pt x 108.405pt>
File: ecgtrace.png Graphic file (type png)
 <use ecgtrace.png>
Package pdftex.def Info: ecgtrace.png used on input line 84.
(pdftex.def)             Requested size: 376.60443pt x 75.88297pt.

<ecgtrans.png, id=280, 237.88875pt x 344.28625pt>
File: ecgtrans.png Graphic file (type png)
 <use ecgtrans.png>
Package pdftex.def Info: ecgtrans.png used on input line 92.
(pdftex.def)             Requested size: 166.52098pt x 240.99872pt.
 [3

 <./ecgtrace.png>] <heartex.png, id=291, 541.02126pt x 375.4025pt>
File: heartex.png Graphic file (type png)
 <use heartex.png>
Package pdftex.def Info: heartex.png used on input line 106.
(pdftex.def)             Requested size: 378.7123pt x 262.77995pt.

[4 <./ecgtrans.png>] <ruleflow.png, id=306, 568.1225pt x 599.23875pt>
File: ruleflow.png Graphic file (type png)

<use ruleflow.png>
Package pdftex.def Info: ruleflow.png used on input line 121.
(pdftex.def)             Requested size: 397.68303pt x 419.46426pt.

Underfull \vbox (badness 10000) has occurred while \output is active []

 [5 <./heartex.png>]

LaTeX Warning: Reference `fig:ecgtrace' on page 6 undefined on input line 125.

<beatshape.png, id=318, 468.75125pt x 444.66125pt>
File: beatshape.png Graphic file (type png)
 <use beatshape.png>
Package pdftex.def Info: beatshape.png used on input line 129.
(pdftex.def)             Requested size: 328.12363pt x 311.26074pt.
 [6 <./ruleflow.png> <./beatshape.png>] <arrhex.png, id=328, 718.685pt x 305.14
pt>
File: arrhex.png Graphic file (type png)

<use arrhex.png>
Package pdftex.def Info: arrhex.png used on input line 149.
(pdftex.def)             Requested size: 503.07607pt x 213.59653pt.
 <allclass.png, id=329, 750.805pt x 184.69pt>
File: allclass.png Graphic file (type png)

<use allclass.png>
Package pdftex.def Info: allclass.png used on input line 155.
(pdftex.def)             Requested size: 525.55992pt x 129.2821pt.
 [7 <./arrhex.png>] [8 <./allclass.png>]
Chapter 3.
<noise.png, id=351, 853.1875pt x 684.5575pt>
File: noise.png Graphic file (type png)
 <use noise.png>
Package pdftex.def Info: noise.png used on input line 170.
(pdftex.def)             Requested size: 597.22719pt x 479.18698pt.

Underfull \vbox (badness 6063) has occurred while \output is active []

 [9

]
<waveletexample.png, id=365, 421.575pt x 316.18124pt>
File: waveletexample.png Graphic file (type png)
 <use waveletexample.png>
Package pdftex.def Info: waveletexample.png used on input line 185.
(pdftex.def)             Requested size: 295.10048pt x 221.32535pt.

[10 <./noise.png>] <wavescale.png, id=379, 351.3125pt x 377.41pt>
File: wavescale.png Graphic file (type png)

<use wavescale.png>
Package pdftex.def Info: wavescale.png used on input line 195.
(pdftex.def)             Requested size: 245.91707pt x 264.1852pt.
 [11 <./waveletexample.png (PNG copy)> <./wavescale.png (PNG copy)>] <waveletfa
milies.png, id=396, 1148.29pt x 570.13pt>
File: waveletfamilies.png Graphic file (type png)

<use waveletfamilies.png>
Package pdftex.def Info: waveletfamilies.png used on input line 205.
(pdftex.def)             Requested size: 803.79752pt x 399.08829pt.


LaTeX Warning: Citation `onf/ijcnn/HeBGL08' on page 12 undefined on input line 
214.

[12 <./waveletfamilies.png>] <smoteex.png, id=416, 492.84125pt x 241.90375pt>
File: smoteex.png Graphic file (type png)

<use smoteex.png>
Package pdftex.def Info: smoteex.png used on input line 229.
(pdftex.def)             Requested size: 344.98651pt x 169.33147pt.
 [13 <./smoteex.png>] [14]
Chapter 4.
[15

] [16

]
Chapter 5.

LaTeX Warning: Citation `2' on page 17 undefined on input line 268.


LaTeX Warning: Citation `6' on page 17 undefined on input line 268.


LaTeX Warning: Citation `6' on page 17 undefined on input line 277.

[17]

LaTeX Warning: Citation `2' on page 18 undefined on input line 279.


LaTeX Warning: Citation `8' on page 18 undefined on input line 279.


LaTeX Warning: Citation `6' on page 18 undefined on input line 279.


LaTeX Warning: Citation `9' on page 18 undefined on input line 284.


LaTeX Warning: Citation `2' on page 18 undefined on input line 292.


LaTeX Warning: Citation `2' on page 18 undefined on input line 292.

[18] [19] [20

]
Chapter 6.
[21] [22

]
Chapter 7.

Package hyperref Warning: Difference (2) between bookmark levels is greater 
(hyperref)                than one, level fixed on input line 305.


LaTeX Warning: Reference `fig:annot' on page 23 undefined on input line 325.

<random-forest-before-after.png, id=493, 462.528pt x 346.896pt>
File: random-forest-before-after.png Graphic file (type png)

<use random-forest-before-after.png>
Package pdftex.def Info: random-forest-before-after.png used on input line 327.

(pdftex.def)             Requested size: 323.76738pt x 242.82553pt.

Underfull \vbox (badness 1983) has occurred while \output is active []

 [23]
<confusion-matrix-dwt-random-forest-paper.png, id=504, 462.528pt x 346.896pt>
File: confusion-matrix-dwt-random-forest-paper.png Graphic file (type png)

<use confusion-matrix-dwt-random-forest-paper.png>
Package pdftex.def Info: confusion-matrix-dwt-random-forest-paper.png used on i
nput line 333.
(pdftex.def)             Requested size: 323.76738pt x 242.82553pt.

<confusion-matrixdwt-random-forest-paper-smote-smaller-test-adasyn.png, id=505,
 462.528pt x 346.896pt>
File: confusion-matrixdwt-random-forest-paper-smote-smaller-test-adasyn.png Gra
phic file (type png)

<use confusion-matrixdwt-random-forest-paper-smote-smaller-test-adasyn.png>
Package pdftex.def Info: confusion-matrixdwt-random-forest-paper-smote-smaller-
test-adasyn.png used on input line 340.
(pdftex.def)             Requested size: 323.76738pt x 242.82553pt.

<confusion-matrixdwt-random-forest-paper-smote-smaller-test.png, id=506, 462.52
8pt x 346.896pt>
File: confusion-matrixdwt-random-forest-paper-smote-smaller-test.png Graphic fi
le (type png)

<use confusion-matrixdwt-random-forest-paper-smote-smaller-test.png>
Package pdftex.def Info: confusion-matrixdwt-random-forest-paper-smote-smaller-
test.png used on input line 345.
(pdftex.def)             Requested size: 323.76738pt x 242.82553pt.

<confusion-matrixdwt-random-forest-paper-smote-smaller-no-data-aug.png, id=507,
 462.528pt x 346.896pt>
File: confusion-matrixdwt-random-forest-paper-smote-smaller-no-data-aug.png Gra
phic file (type png)

<use confusion-matrixdwt-random-forest-paper-smote-smaller-no-data-aug.png>
Package pdftex.def Info: confusion-matrixdwt-random-forest-paper-smote-smaller-
no-data-aug.png used on input line 350.
(pdftex.def)             Requested size: 323.76738pt x 242.82553pt.

Underfull \vbox (badness 7944) has occurred while \output is active []

 [24 <./random-forest-before-after.png> <./confusion-matrix-dwt-random-forest-p
aper.png> <./confusion-matrixdwt-random-forest-paper-smote-smaller-test-adasyn.
png>]
<svm-before-after.png, id=518, 462.528pt x 346.896pt>
File: svm-before-after.png Graphic file (type png)

<use svm-before-after.png>
Package pdftex.def Info: svm-before-after.png used on input line 363.
(pdftex.def)             Requested size: 323.76738pt x 242.82553pt.
 [25 <./confusion-matrixdwt-random-forest-paper-smote-smaller-test.png> <./conf
usion-matrixdwt-random-forest-paper-smote-smaller-no-data-aug.png> <./svm-befor
e-after.png>]
<confusion-matrix-linear-not-linear-no-aug-smaller-test.png, id=531, 462.528pt 
x 346.896pt>
File: confusion-matrix-linear-not-linear-no-aug-smaller-test.png Graphic file (
type png)
 <use confusion-matrix-linear-not-linear-no-aug-smaller-test.png>
Package pdftex.def Info: confusion-matrix-linear-not-linear-no-aug-smaller-test
.png used on input line 382.
(pdftex.def)             Requested size: 323.76738pt x 242.82553pt.

<confusion-matrix-linear-not-linear-adasyn-smaller-test.png, id=532, 462.528pt 
x 346.896pt>
File: confusion-matrix-linear-not-linear-adasyn-smaller-test.png Graphic file (
type png)
 <use confusion-matrix-linear-not-linear-adasyn-smaller-test.png>
Package pdftex.def Info: confusion-matrix-linear-not-linear-adasyn-smaller-test
.png used on input line 389.
(pdftex.def)             Requested size: 323.76738pt x 242.82553pt.


LaTeX Warning: Citation `5' on page 26 undefined on input line 393.


Package hyperref Warning: Token not allowed in a PDF string (PDFDocEncoding):
(hyperref)                removing `\@ifnextchar' on input line 393.

[26 <./confusion-matrix-linear-not-linear-no-aug-smaller-test.png> <./confusion
-matrix-linear-not-linear-adasyn-smaller-test.png>]
<arch-cnn.png, id=549, 302.12875pt x 558.085pt>
File: arch-cnn.png Graphic file (type png)
 <use arch-cnn.png>
Package pdftex.def Info: arch-cnn.png used on input line 404.
(pdftex.def)             Requested size: 211.48868pt x 390.65685pt.


LaTeX Warning: Citation `5' on page 27 undefined on input line 405.


LaTeX Warning: Citation `5' on page 27 undefined on input line 405.

<conf-matrixno-augmentationdtrk-model.png, id=550, 433.62pt x 289.08pt>
File: conf-matrixno-augmentationdtrk-model.png Graphic file (type png)

<use conf-matrixno-augmentationdtrk-model.png>
Package pdftex.def Info: conf-matrixno-augmentationdtrk-model.png used on input
 line 410.
(pdftex.def)             Requested size: 303.53192pt x 202.35461pt.

<conf-matrixADASYNdtrk-model.png, id=551, 433.62pt x 289.08pt>
File: conf-matrixADASYNdtrk-model.png Graphic file (type png)

<use conf-matrixADASYNdtrk-model.png>
Package pdftex.def Info: conf-matrixADASYNdtrk-model.png used on input line 417
.
(pdftex.def)             Requested size: 303.53192pt x 202.35461pt.

<conf-matrix-no-pre-proc-adssyn.png, id=552, 578.16pt x 397.485pt>
File: conf-matrix-no-pre-proc-adssyn.png Graphic file (type png)

<use conf-matrix-no-pre-proc-adssyn.png>
Package pdftex.def Info: conf-matrix-no-pre-proc-adssyn.png used on input line 
422.
(pdftex.def)             Requested size: 404.70924pt x 278.2376pt.


LaTeX Warning: Citation `5' on page 27 undefined on input line 425.

[27 <./arch-cnn.png> <./conf-matrixno-augmentationdtrk-model.png>] [28 <./conf-
matrixADASYNdtrk-model.png> <./conf-matrix-no-pre-proc-adssyn.png>]
Chapter 8.
[29

] [30

] (./LaureaMagistrale_eng.bbl
Package microtype Info: Character `029' is missing
(microtype)             in font `T1/lmr/m/sc/10.95'.
(microtype)             Ignoring protrusion settings for this character.
LaTeX Font Info:    Try loading font information for T1+lmtt on input line 7.

(/usr/local/texlive/2017/texmf-dist/tex/latex/lm/t1lmtt.fd
File: t1lmtt.fd 2009/10/30 v1.6 Font defs for Latin Modern
)
Package microtype Info: Loading generic settings for font family
(microtype)             `lmtt' (encoding: T1).
(microtype)             For optimal results, create family-specific settings.
(microtype)             See the microtype manual for details.

Underfull \hbox (badness 4217) in paragraph at lines 47--51
[]\T1/lmr/m/sc/10.95 (+20) MathWorks\T1/lmr/m/n/10.95 (+20) .  Con-tin-u-ous wa
velet trans-form and scale-based anal-
 []


Underfull \hbox (badness 5119) in paragraph at lines 47--51
\T1/lmr/m/n/10.95 (+20) y-sis.  Avail-able from: []$\T1/lmtt/m/n/10.95 https : 
/ / it . mathworks . com / help / wavelet / gs /
 []


Underfull \hbox (badness 6608) in paragraph at lines 53--57
[]\T1/lmr/m/sc/10.95 (+20) Organization, W. H.  \T1/lmr/m/n/10.95 (+20) Car-dio
-vas-cu-lar dis-eases (cvds).  Avail-
 []


Underfull \hbox (badness 10000) in paragraph at lines 53--57
\T1/lmr/m/n/10.95 (+20) able from: []$\T1/lmtt/m/n/10.95 https : / / www . who 
. int / news-[]room / fact-[]sheets / detail /
 []


Underfull \hbox (badness 3919) in paragraph at lines 59--63
[]\T1/lmr/m/sc/10.95 (+20) Taspinar, A.  \T1/lmr/m/n/10.95 (+20) A guide for us
-ing the wavelet trans-form in ma-
 []


Underfull \hbox (badness 3547) in paragraph at lines 59--63
\T1/lmr/m/n/10.95 (+20) chine learn-ing.  Avail-able from: []$\T1/lmtt/m/n/10.9
5 http : / / ataspinar . com / 2018 / 12 / 21 /
 []

)
Package atveryend Info: Empty hook `BeforeClearDocument' on input line 446.
 [31


]
Package atveryend Info: Empty hook `AfterLastShipout' on input line 446.
 (./LaureaMagistrale_eng.aux)
Package atveryend Info: Executing hook `AtVeryEndDocument' on input line 446.
Package atveryend Info: Executing hook `AtEndAfterFileList' on input line 446.
Package rerunfilecheck Info: File `LaureaMagistrale_eng.out' has not changed.
(rerunfilecheck)             Checksum: 0A783D313B14FA3D9AD9D52EAE2787D7;2593.


LaTeX Warning: There were undefined references.


LaTeX Warning: There were multiply-defined labels.

Package atveryend Info: Empty hook `AtVeryVeryEnd' on input line 446.
 ) 
Here is how much of TeX's memory you used:
 11336 strings out of 492995
 174654 string characters out of 6132704
 403542 words of memory out of 5000000
 14363 multiletter control sequences out of 15000+600000
 84925 words of font info for 122 fonts, out of 8000000 for 9000
 1141 hyphenation exceptions out of 8191
 60i,12n,94p,2157b,474s stack positions out of 5000i,500n,10000p,200000b,80000s
{/usr/local/texlive/2017/texmf-dist/fonts/enc/dvips/lm/lm-ec.enc}{/usr/local/
texlive/2017/texmf-dist/fonts/enc/dvips/lm/lm-mathsy.enc}{/usr/local/texlive/20
17/texmf-dist/fonts/enc/dvips/lm/lm-rm.enc}{/usr/local/texlive/2017/texmf-dist/
fonts/enc/dvips/lm/lm-mathex.enc}{/usr/local/texlive/2017/texmf-dist/fonts/enc/
dvips/lm/lm-mathit.enc}{/usr/local/texlive/2017/texmf-dist/fonts/enc/dvips/lm/l
m-ts1.enc}</usr/local/texlive/2017/texmf-dist/fonts/type1/public/lm/lmbx10.pfb>
</usr/local/texlive/2017/texmf-dist/fonts/type1/public/lm/lmbx12.pfb></usr/loca
l/texlive/2017/texmf-dist/fonts/type1/public/lm/lmcsc10.pfb></usr/local/texlive
/2017/texmf-dist/fonts/type1/public/lm/lmex10.pfb></usr/local/texlive/2017/texm
f-dist/fonts/type1/public/lm/lmmi10.pfb></usr/local/texlive/2017/texmf-dist/fon
ts/type1/public/lm/lmmi6.pfb></usr/local/texlive/2017/texmf-dist/fonts/type1/pu
blic/lm/lmmi8.pfb></usr/local/texlive/2017/texmf-dist/fonts/type1/public/lm/lmr
10.pfb></usr/local/texlive/2017/texmf-dist/fonts/type1/public/lm/lmr6.pfb></usr
/local/texlive/2017/texmf-dist/fonts/type1/public/lm/lmr7.pfb></usr/local/texli
ve/2017/texmf-dist/fonts/type1/public/lm/lmr8.pfb></usr/local/texlive/2017/texm
f-dist/fonts/type1/public/lm/lmri10.pfb></usr/local/texlive/2017/texmf-dist/fon
ts/type1/public/lm/lmss10.pfb></usr/local/texlive/2017/texmf-dist/fonts/type1/p
ublic/lm/lmss17.pfb></usr/local/texlive/2017/texmf-dist/fonts/type1/public/lm/l
msy10.pfb></usr/local/texlive/2017/texmf-dist/fonts/type1/public/lm/lmsy8.pfb><
/usr/local/texlive/2017/texmf-dist/fonts/type1/public/lm/lmtt10.pfb>
Output written on LaureaMagistrale_eng.pdf (41 pages, 2628445 bytes).
PDF statistics:
 710 PDF objects out of 1000 (max. 8388607)
 590 compressed objects within 6 object streams
 185 named destinations out of 1000 (max. 500000)
 25534 words of extra memory for PDF output out of 29859 (max. 10000000)

